<html>
<body>
<pre>
<h1>µVision Build Log</h1>
<h2>Tool Versions:</h2>
IDE-Version: µVision V5.18a
Copyright (C) 2016 ARM Ltd and ARM Germany GmbH. All rights reserved.
License Information: asdwda dasdwadasd, waaaawdasa, LIC=S5III-T2J6U-RDGK3-ADKDC-BVKYL-951C4
 
Tool Versions:
Toolchain:       MDK-ARM Professional  Version: 5.18a
Toolchain Path:  C:\Keil_v5\ARM\ARMCC\Bin
C Compiler:      Armcc.exe V5.06 update 1 (build 61)
Assembler:       Armasm.exe V5.06 update 1 (build 61)
Linker/Locator:  ArmLink.exe V5.06 update 1 (build 61)
Library Manager: ArmAr.exe V5.06 update 1 (build 61)
Hex Converter:   FromElf.exe V5.06 update 1 (build 61)
CPU DLL:         SARMCM3.DLL V5.18a
Dialog DLL:      DCM.DLL V1.13.6.0
Target DLL:      STLink\ST-LINKIII-KEIL_SWO.dll V2.0.18.0
Dialog DLL:      TCM.DLL V1.14.8.0
 
<h2>Project:</h2>
D:\ele\STM\STM32F4\Projects\Micromouse\MDK-ARM\Micromouse.uvprojx
Project File Date:  04/26/2016

<h2>Output:</h2>
*** Using Compiler 'V5.06 update 1 (build 61)', folder: 'C:\Keil_v5\ARM\ARMCC\Bin'
Build target 'Micromouse'
compiling control.c...
../Inc/motor.h(58): error:  #20: identifier "Motors_t" is undefined
  	int(*driver)(Motors_t*);
../Inc/motor.h(111): warning:  #1295-D: Deprecated declaration MotorInit - give arg types
  void MotorInit();
../Inc/motor.h(120): warning:  #1295-D: Deprecated declaration getEncL - give arg types
  int getEncL();
../Inc/motor.h(130): warning:  #1295-D: Deprecated declaration getEncR - give arg types
  int getEncR();
../Inc/motor.h(312): warning:  #1-D: last line of file ends without a newline
  #endif
../Inc/control.h(5): error:  #65: expected a ";"
  const int LAB_SIZE 10;
../Inc/control.h(9): error:  #67: expected a "}"
  	DIR_NONE=0xff;
../Inc/control.h(9): warning:  #375-D: declaration requires a typedef name
  	DIR_NONE=0xff;
../Inc/control.h(10): error:  #77-D: this declaration has no storage class or type specifier
  	DIR_N = 0,
../Inc/control.h(11): error:  #77-D: this declaration has no storage class or type specifier
  	DIR_E = 1,
../Inc/control.h(12): error:  #77-D: this declaration has no storage class or type specifier
  	DIR_S = 2,
../Inc/control.h(13): error:  #77-D: this declaration has no storage class or type specifier
  	DIR_W = 3,
../Inc/control.h(14): error:  #77-D: this declaration has no storage class or type specifier
  	DIR_NE= 4,
../Inc/control.h(15): error:  #77-D: this declaration has no storage class or type specifier
  	DIR_NW= 5,
../Inc/control.h(16): error:  #77-D: this declaration has no storage class or type specifier
  	DIR_SE= 6,
../Inc/control.h(17): error:  #77-D: this declaration has no storage class or type specifier
  	DIR_SW= 7,
../Inc/control.h(18): error:  #40: expected an identifier
  } Dir_t;
../Inc/control.h(35): error:  #20: identifier "Dir_t" is undefined
  Wall_t ConWallLoc2Glo(Dir_t currDir, Wall_t localWall); // ControlTransformWall from local orientation to global orientation
../Inc/control.h(36): error:  #20: identifier "Dir_t" is undefined
  Wall_t ConWallGlo2Loc(Dir_t currDir, Wall_t localWall);
../Inc/control.h(38): warning:  #1-D: last line of file ends without a newline
  DirLoc2Glob(DIR_t)
../Inc/control.h(38): error:  #260-D: explicit type is missing ("int" assumed)
  DirLoc2Glob(DIR_t)
../Inc/control.h(38): warning:  #1294-D: Old-style function DirLoc2Glob
  DirLoc2Glob(DIR_t)
..\Src\control.c(21): error:  #99: a declaration here must declare a parameter
  Cell_t	g_local[3][3]; // local cell map
..\Src\control.c(22): error:  #20: identifier "Dir_t" is undefined
  Dir_t	g_currDir = DIR_N;
..\Src\control.c(22): error:  #99: a declaration here must declare a parameter
  Dir_t	g_currDir = DIR_N;
..\Src\control.c(22): error:  #78: a parameter declaration may not have an initializer
  Dir_t	g_currDir = DIR_N;
..\Src\control.c(23): error:  #99: a declaration here must declare a parameter
  uint8_t	g_currX = 0;
..\Src\control.c(23): error:  #78: a parameter declaration may not have an initializer
  uint8_t	g_currX = 0;
..\Src\control.c(24): error:  #99: a declaration here must declare a parameter
  uint8_t g_currY = 0;
..\Src\control.c(24): error:  #78: a parameter declaration may not have an initializer
  uint8_t g_currY = 0;
..\Src\control.c(25): error:  #99: a declaration here must declare a parameter
  uint8_t g_mapMirror = 0;
..\Src\control.c(25): error:  #78: a parameter declaration may not have an initializer
  uint8_t g_mapMirror = 0;
..\Src\control.c(28): error:  #99: a declaration here must declare a parameter
  void ConInit(){
..\Src\control.c(28): error:  #65: expected a ";"
  void ConInit(){
..\Src\control.c(101): warning:  #1-D: last line of file ends without a newline
  }
..\Src\control.c(101): warning: At end of source:  #12-D: parsing restarts here after previous syntax error
../Inc/control.h(38): warning:  #1079-D: standard requires that parameter "DIR_t" be given a type by a subsequent declaration ("int" assumed)
  DirLoc2Glob(DIR_t)
..\Src\control.c(101): error: At end of source:  #130: expected a "{"
..\Src\control.c(101): error: At end of source:  #67: expected a "}"
..\Src\control.c: 10 warnings, 29 errors
"Micromouse\Micromouse.axf" - 29 Error(s), 10 Warning(s).

<h2>Software Packages used:</h2>

Package Vendor: ARM
                http://www.keil.com/pack/ARM.CMSIS.4.5.0.pack
                ARM::CMSIS:CORE:4.3.0
                CMSIS (Cortex Microcontroller Software Interface Standard)
   * Component: CORE Version: 4.3.0

<h2>Collection of Component include folders:</h2>
  D:\ele\STM\STM32F4\Projects\Micromouse\MDK-ARM\RTE
  C:\Keil_v5\ARM\PACK\ARM\CMSIS\4.5.0\CMSIS\Include
  C:\Keil_v5\ARM\PACK\Keil\STM32F4xx_DFP\2.7.0\Drivers\CMSIS\Device\ST\STM32F4xx\Include

<h2>Collection of Component Files used:</h2>

   * Component: ARM::CMSIS:CORE:4.3.0
Target not created.
Build Time Elapsed:  00:00:01
</pre>
</body>
</html>
